<?xml version="1.0" encoding="UTF-8"?>
<!-- Generated by org.testng.reporters.JUnitXMLReporter -->
<testsuite ignored="0" hostname="ThinkP51" failures="0" tests="3" name="Default test" time="0.095" errors="0" timestamp="2023-03-15T12:23:31 PDT">
  <testcase classname="tests.WrapperDemo" name="sampleTest" time="0.007"/>
  <testcase classname="tests.WrapperDemo" name="sampleTest" time="0.002"/>
  <testcase classname="tests.WrapperDemo" name="sampleTest" time="0.002"/>
</testsuite> <!-- Default test -->
