<?xml version="1.0" encoding="UTF-8"?>
<!-- Generated by org.testng.reporters.JUnitXMLReporter -->
<testsuite ignored="0" hostname="ThinkP51" failures="0" tests="5" name="LoginTest" time="0.129" errors="0" timestamp="2023-03-16T10:33:55 PDT">
  <testcase classname="parallelThreads.Login" name="loginWithValidCredentials" time="0.017"/>
  <testcase classname="parallelThreads.Login" name="loginWithValidEmailAndInvalidPassword" time="0.002"/>
  <testcase classname="parallelThreads.Login" name="loginWithValidEmailAndValidPassword" time="0.001"/>
  <testcase classname="parallelThreads.Login" name="loginWithInvalidCredentials" time="0.002"/>
  <testcase classname="parallelThreads.Login" name="loginWithoutCredentials" time="0.001"/>
</testsuite> <!-- LoginTest -->
