<?xml version="1.0" encoding="UTF-8"?>
<!-- Generated by org.testng.reporters.JUnitXMLReporter -->
<testsuite ignored="0" hostname="ThinkP51" failures="0" tests="4" name="RegisterTest" time="0.11" errors="0" timestamp="2023-03-16T10:33:55 PDT">
  <testcase classname="parallelThreads.Register" name="registerWithOnlyMandatoryFields" time="0.017"/>
  <testcase classname="parallelThreads.Register" name="registerWithAllFields" time="0.003"/>
  <testcase classname="parallelThreads.Register" name="registerWithoutProvidingAnyFields" time="0.001"/>
  <testcase classname="parallelThreads.Register" name="registerADuplicateAccount" time="0.002"/>
</testsuite> <!-- RegisterTest -->
