<?xml version="1.0" encoding="UTF-8"?>
<!-- Generated by org.testng.reporters.JUnitXMLReporter -->
<testsuite ignored="0" hostname="ThinkP51" failures="0" tests="4" name="RegisterTest" time="0.121" errors="0" timestamp="2023-03-17T10:56:03 PDT">
  <testcase classname="parallelThreads.Register" name="registerWithOnlyMandatoryFields" time="0.018"/>
  <testcase classname="parallelThreads.Register" name="registerWithAllFields" time="0.002"/>
  <testcase classname="parallelThreads.Register" name="registerWithoutProvidingAnyFields" time="0.001"/>
  <testcase classname="parallelThreads.Register" name="registerADuplicateAccount" time="0.003"/>
</testsuite> <!-- RegisterTest -->
