<?xml version="1.0" encoding="UTF-8"?>
<!-- Generated by org.testng.reporters.JUnitXMLReporter -->
<testsuite ignored="0" hostname="ThinkP51" failures="0" tests="3" name="SearchTest" time="0.019" errors="0" timestamp="2023-03-16T10:33:56 PDT">
  <testcase classname="parallelThreads.Search" name="searchAValidProduct" time="0.003"/>
  <testcase classname="parallelThreads.Search" name="searchAnInValidProduct" time="0.002"/>
  <testcase classname="parallelThreads.Search" name="searchNoProduct" time="0.001"/>
</testsuite> <!-- SearchTest -->
