<?xml version="1.0" encoding="UTF-8"?>
<!-- Generated by org.testng.reporters.JUnitXMLReporter -->
<testsuite ignored="3" hostname="ThinkP51" failures="0" tests="9" name="Smoke" time="8.022" errors="0" timestamp="2023-03-14T10:50:54 PDT">
  <testcase classname="testscripts.TestNGAnnotations" name="login" time="7.648"/>
  <testcase classname="testscripts.ClassA" name="methodAOne" time="0.001"/>
  <testcase classname="testscripts.ClassA" name="methodATwo" time="0.001"/>
  <testcase classname="testscripts.ClassA" name="methodAThree" time="0.002"/>
  <testcase classname="testscripts.ClassB" name="methodBOne" time="0.002"/>
  <testcase classname="testscripts.ClassB" name="methodBTwo" time="0.001"/>
  <testcase classname="testscripts.ClassB" name="methodBFour" time="0.001"/>
  <testcase classname="testscripts.ClassC" name="methodCOne" time="0.001"/>
  <testcase classname="testscripts.ClassC" name="methodCTwo" time="0.002"/>
  <testcase classname="testscripts.ClassC" name="methodCThree" time="0.0">
    <ignored/>
  </testcase> <!-- methodCThree -->
  <testcase classname="testscripts.ClassB" name="methodBThree" time="0.0">
    <ignored/>
  </testcase> <!-- methodBThree -->
  <testcase classname="testscripts.ClassC" name="methodCFour" time="0.0">
    <ignored/>
  </testcase> <!-- methodCFour -->
</testsuite> <!-- Smoke -->
