<?xml version="1.0" encoding="UTF-8"?>
<!-- Generated by org.testng.reporters.JUnitXMLReporter -->
<testsuite ignored="1" hostname="ThinkP51" failures="0" tests="5" name="Test" time="10.325" errors="0" timestamp="2023-03-14T12:34:46 PDT">
  <testcase classname="testscripts.ClassA" name="methodAOne" time="0.011"/>
  <testcase classname="testscripts.ClassA" name="methodATwo" time="0.001"/>
  <testcase classname="testscripts.TestNGAnnotations" name="login" time="7.941"/>
  <testcase classname="testscripts.TestAPI" name="getUsersInPageTwo" time="1.959"/>
  <testcase classname="testscripts.TestAPI" name="getSingleUser" time="0.124"/>
  <testcase classname="testscripts.ClassA" name="methodAThree" time="0.0">
    <ignored/>
  </testcase> <!-- methodAThree -->
</testsuite> <!-- Test -->
