<?xml version="1.0" encoding="UTF-8"?>
<testng-results ignored="0" total="3" passed="3" failed="0" skipped="0">
  <reporter-output>
  </reporter-output>
  <suite started-at="2023-03-15T13:17:08 PDT" name="Default suite" finished-at="2023-03-15T13:17:08 PDT" duration-ms="78">
    <groups>
    </groups>
    <test started-at="2023-03-15T13:17:08 PDT" name="Default test" finished-at="2023-03-15T13:17:08 PDT" duration-ms="78">
      <class name="tests.JaggedDemo">
        <test-method signature="sampleTest([Ljava.lang.Object;)[pri:0, instance:tests.JaggedDemo@750e2b97]" started-at="2023-03-15T13:17:08 PDT" name="sampleTest" data-provider="supplier" finished-at="2023-03-15T13:17:08 PDT" duration-ms="6" status="PASS">
          <params>
            <param index="0">
              <value>
                <![CDATA[[Ljava.lang.Object;@4ee203eb]]>
              </value>
            </param>
          </params>
          <reporter-output>
          </reporter-output>
        </test-method> <!-- sampleTest -->
        <test-method signature="sampleTest([Ljava.lang.Object;)[pri:0, instance:tests.JaggedDemo@750e2b97]" started-at="2023-03-15T13:17:08 PDT" name="sampleTest" data-provider="supplier" finished-at="2023-03-15T13:17:08 PDT" duration-ms="2" status="PASS">
          <params>
            <param index="0">
              <value>
                <![CDATA[[Ljava.lang.Object;@461ad730]]>
              </value>
            </param>
          </params>
          <reporter-output>
          </reporter-output>
        </test-method> <!-- sampleTest -->
        <test-method signature="sampleTest([Ljava.lang.Object;)[pri:0, instance:tests.JaggedDemo@750e2b97]" started-at="2023-03-15T13:17:08 PDT" name="sampleTest" data-provider="supplier" finished-at="2023-03-15T13:17:08 PDT" duration-ms="2" status="PASS">
          <params>
            <param index="0">
              <value>
                <![CDATA[[Ljava.lang.Object;@1a5a4e19]]>
              </value>
            </param>
          </params>
          <reporter-output>
          </reporter-output>
        </test-method> <!-- sampleTest -->
      </class> <!-- tests.JaggedDemo -->
    </test> <!-- Default test -->
  </suite> <!-- Default suite -->
</testng-results>
